<?xml version="1.0" encoding="UTF-8"?>
<!-- Generated by org.testng.reporters.JUnitXMLReporter -->
<testsuite hostname="Nishanths-MacBook-Pro.local" ignored="0" name="Test" tests="1" failures="1" timestamp="2020-12-24T14:30:34 EST" time="0.144" errors="0">
  <testcase name="apiDemoPract" time="0.109" classname="learning.AppiumFramwork.ApiDemoApp">
    <failure type="io.appium.java_client.service.local.InvalidServerInstanceException" message="The main Appium script does not exist at &amp;apos;/Users/nishanthkalikiri/eclipse-workspace/AppiumFramwork/appium/build/lib/main.js&amp;apos;">
      <![CDATA[io.appium.java_client.service.local.InvalidServerInstanceException: The main Appium script does not exist at '/Users/nishanthkalikiri/eclipse-workspace/AppiumFramwork/appium/build/lib/main.js'
at io.appium.java_client.service.local.AppiumServiceBuilder.findMainScript(AppiumServiceBuilder.java:157)
at io.appium.java_client.service.local.AppiumServiceBuilder.loadPathToMainScript(AppiumServiceBuilder.java:296)
at io.appium.java_client.service.local.AppiumServiceBuilder.createArgs(AppiumServiceBuilder.java:313)
at org.openqa.selenium.remote.service.DriverService$Builder.build(DriverService.java:358)
at io.appium.java_client.service.local.AppiumDriverLocalService.buildService(AppiumDriverLocalService.java:91)
at io.appium.java_client.service.local.AppiumDriverLocalService.buildDefaultService(AppiumDriverLocalService.java:87)
at learning.AppiumFramwork.base.startServer(base.java:28)
at learning.AppiumFramwork.ApiDemoApp.apiDemoPract(ApiDemoApp.java:16)
at java.util.ArrayList.forEach(ArrayList.java:1257)
... Removed 27 stack frames]]>
    </failure>
  </testcase> <!-- apiDemoPract -->
</testsuite> <!-- Test -->
